1,1,6.65209e-10,1.73005e-14
0.424856,0.218899,2.82618e-10,3.78706e-15
0.424856,0.218899,2.82618e-10,3.78706e-15
0.442479,0.261628,2.94341e-10,4.5263e-15
0.442479,0.261628,2.94341e-10,4.5263e-15
0.442479,0.261628,2.94341e-10,4.5263e-15
0.442479,0.261628,2.94341e-10,4.5263e-15
0.442479,0.261628,2.94341e-10,4.5263e-15
0.601854,0.390769,4.00358e-10,6.76052e-15
0.673661,0.501,4.48125e-10,8.66757e-15
0.673661,0.501,4.48125e-10,8.66757e-15
0.673661,0.501,4.48125e-10,8.66757e-15
0.673661,0.501,4.48125e-10,8.66757e-15
0.649675,0.464995,4.3217e-10,8.04467e-15
0.842379,0.744039,5.60358e-10,1.28723e-14
0.651982,0.44889,4.33704e-10,7.76604e-15
0.65942,0.477168,4.38652e-10,8.25526e-15
0.65942,0.477168,4.38652e-10,8.25526e-15
0.65942,0.477168,4.38652e-10,8.25526e-15
0.65942,0.477168,4.38652e-10,8.25526e-15
0.67795,0.487144,4.50978e-10,8.42785e-15
0.679951,0.504638,4.52309e-10,8.73052e-15
0.679951,0.504638,4.52309e-10,8.73052e-15
0.679951,0.504638,4.52309e-10,8.73052e-15
0.679951,0.504638,4.52309e-10,8.73052e-15
0.679951,0.504638,4.52309e-10,8.73052e-15
1.01307,0.864567,6.73902e-10,1.49575e-14
0.529157,0.310407,3.52e-10,5.37021e-15
0.529157,0.310407,3.52e-10,5.37021e-15
0.529157,0.310407,3.52e-10,5.37021e-15
0.529157,0.310407,3.52e-10,5.37021e-15
0.529157,0.310407,3.52e-10,5.37021e-15
0.596273,0.383529,3.96646e-10,6.63526e-15
0.596273,0.383529,3.96646e-10,6.63526e-15
0.596273,0.383529,3.96646e-10,6.63526e-15
0.596273,0.383529,3.96646e-10,6.63526e-15
0.596273,0.383529,3.96646e-10,6.63526e-15
0.673437,0.450327,4.47976e-10,7.7909e-15
0.673437,0.450327,4.47976e-10,7.7909e-15
0.508767,0.311863,3.38436e-10,5.3954e-15
0.508767,0.311863,3.38436e-10,5.3954e-15
0.5006,0.299878,3.33004e-10,5.18806e-15
0.5006,0.299878,3.33004e-10,5.18806e-15
0.5006,0.299878,3.33004e-10,5.18806e-15
0.5006,0.299878,3.33004e-10,5.18806e-15
0.5006,0.299878,3.33004e-10,5.18806e-15
0.650036,0.460874,4.3241e-10,7.97337e-15
0.650036,0.460874,4.3241e-10,7.97337e-15
0.402821,0.205786,2.6796e-10,3.56021e-15
0.402821,0.205786,2.6796e-10,3.56021e-15
0.491449,0.257296,3.26916e-10,4.45136e-15
0.491449,0.257296,3.26916e-10,4.45136e-15
0.491449,0.257296,3.26916e-10,4.45136e-15
0.491449,0.257296,3.26916e-10,4.45136e-15
0.491449,0.257296,3.26916e-10,4.45136e-15
0.871031,0.761066,5.79417e-10,1.31669e-14
0.580131,0.336739,3.85908e-10,5.82576e-15
0.580131,0.336739,3.85908e-10,5.82576e-15
0.720015,0.582845,4.7896e-10,1.00835e-14
0.720015,0.582845,4.7896e-10,1.00835e-14
0.720015,0.582845,4.7896e-10,1.00835e-14
0.720015,0.582845,4.7896e-10,1.00835e-14
0.720015,0.582845,4.7896e-10,1.00835e-14
0.720015,0.582845,4.7896e-10,1.00835e-14
0.720015,0.582845,4.7896e-10,1.00835e-14
0.720015,0.582845,4.7896e-10,1.00835e-14
0.720015,0.582845,4.7896e-10,1.00835e-14
0.720015,0.582845,4.7896e-10,1.00835e-14
0.720015,0.582845,4.7896e-10,1.00835e-14
0.720015,0.582845,4.7896e-10,1.00835e-14
0.720015,0.582845,4.7896e-10,1.00835e-14
0.720015,0.582845,4.7896e-10,1.00835e-14
0.720015,0.582845,4.7896e-10,1.00835e-14
0.821216,0.664205,5.4628e-10,1.14911e-14
0.821216,0.664205,5.4628e-10,1.14911e-14
0.821216,0.664205,5.4628e-10,1.14911e-14
0.821216,0.664205,5.4628e-10,1.14911e-14
0.821216,0.664205,5.4628e-10,1.14911e-14
0.821216,0.664205,5.4628e-10,1.14911e-14
0.821216,0.664205,5.4628e-10,1.14911e-14
0.821216,0.664205,5.4628e-10,1.14911e-14
0.821216,0.664205,5.4628e-10,1.14911e-14
0.821216,0.664205,5.4628e-10,1.14911e-14
0.821216,0.664205,5.4628e-10,1.14911e-14
0.821216,0.664205,5.4628e-10,1.14911e-14
0.821216,0.664205,5.4628e-10,1.14911e-14
0.821216,0.664205,5.4628e-10,1.14911e-14
0.821216,0.664205,5.4628e-10,1.14911e-14
0.821216,0.664205,5.4628e-10,1.14911e-14
0.821216,0.664205,5.4628e-10,1.14911e-14
0.821216,0.664205,5.4628e-10,1.14911e-14
0.821216,0.664205,5.4628e-10,1.14911e-14
0.821216,0.664205,5.4628e-10,1.14911e-14
0.821216,0.664205,5.4628e-10,1.14911e-14
0.821216,0.664205,5.4628e-10,1.14911e-14
0.876814,0.774988,5.83265e-10,1.34077e-14
0.876814,0.774988,5.83265e-10,1.34077e-14
0.389944,0.195679,2.59394e-10,3.38536e-15
0.389944,0.195679,2.59394e-10,3.38536e-15
0.800932,0.68752,5.32787e-10,1.18945e-14
0.800932,0.68752,5.32787e-10,1.18945e-14
0.800932,0.68752,5.32787e-10,1.18945e-14
0.800932,0.68752,5.32787e-10,1.18945e-14
0.800932,0.68752,5.32787e-10,1.18945e-14
0.800932,0.68752,5.32787e-10,1.18945e-14
0.800932,0.68752,5.32787e-10,1.18945e-14
0.744486,0.600165,4.95239e-10,1.03832e-14
0.744486,0.600165,4.95239e-10,1.03832e-14
0.744486,0.600165,4.95239e-10,1.03832e-14
0.744486,0.600165,4.95239e-10,1.03832e-14
0.744486,0.600165,4.95239e-10,1.03832e-14
0.744486,0.600165,4.95239e-10,1.03832e-14
0.744486,0.600165,4.95239e-10,1.03832e-14
0.744486,0.600165,4.95239e-10,1.03832e-14
0.744486,0.600165,4.95239e-10,1.03832e-14
0.744486,0.600165,4.95239e-10,1.03832e-14
0.744486,0.600165,4.95239e-10,1.03832e-14
0.744486,0.600165,4.95239e-10,1.03832e-14
0.744486,0.600165,4.95239e-10,1.03832e-14
0.744486,0.600165,4.95239e-10,1.03832e-14
0.569471,0.354158,3.78817e-10,6.12713e-15
0.478862,0.244824,3.18543e-10,4.23558e-15
0.478862,0.244824,3.18543e-10,4.23558e-15
0.478862,0.244824,3.18543e-10,4.23558e-15
0.478862,0.244824,3.18543e-10,4.23558e-15
0.478862,0.244824,3.18543e-10,4.23558e-15
0.478862,0.244824,3.18543e-10,4.23558e-15
0.478862,0.244824,3.18543e-10,4.23558e-15
0.478862,0.244824,3.18543e-10,4.23558e-15
0.478862,0.244824,3.18543e-10,4.23558e-15
0.478862,0.244824,3.18543e-10,4.23558e-15
0.478862,0.244824,3.18543e-10,4.23558e-15
0.478862,0.244824,3.18543e-10,4.23558e-15
0.478862,0.244824,3.18543e-10,4.23558e-15
0.478862,0.244824,3.18543e-10,4.23558e-15
0.478862,0.244824,3.18543e-10,4.23558e-15
0.478862,0.244824,3.18543e-10,4.23558e-15
0.478862,0.244824,3.18543e-10,4.23558e-15
0.478862,0.244824,3.18543e-10,4.23558e-15
0.478862,0.244824,3.18543e-10,4.23558e-15
0.478862,0.244824,3.18543e-10,4.23558e-15
0.478862,0.244824,3.18543e-10,4.23558e-15
0.478862,0.244824,3.18543e-10,4.23558e-15
0.478862,0.244824,3.18543e-10,4.23558e-15
0.478862,0.244824,3.18543e-10,4.23558e-15
0.478862,0.244824,3.18543e-10,4.23558e-15
0.478862,0.244824,3.18543e-10,4.23558e-15
0.478862,0.244824,3.18543e-10,4.23558e-15
0.478862,0.244824,3.18543e-10,4.23558e-15
0.478862,0.244824,3.18543e-10,4.23558e-15
0.478862,0.244824,3.18543e-10,4.23558e-15
0.45704,0.255016,3.04027e-10,4.41192e-15
0.806542,0.663675,5.36518e-10,1.14819e-14
0.806542,0.663675,5.36518e-10,1.14819e-14
0.806542,0.663675,5.36518e-10,1.14819e-14
0.806542,0.663675,5.36518e-10,1.14819e-14
0.806542,0.663675,5.36518e-10,1.14819e-14
0.806542,0.663675,5.36518e-10,1.14819e-14
0.806542,0.663675,5.36518e-10,1.14819e-14
0.806542,0.663675,5.36518e-10,1.14819e-14
0.547026,0.360472,3.63886e-10,6.23636e-15
0.547026,0.360472,3.63886e-10,6.23636e-15
0.547026,0.360472,3.63886e-10,6.23636e-15
0.547026,0.360472,3.63886e-10,6.23636e-15
0.547026,0.360472,3.63886e-10,6.23636e-15
0.547026,0.360472,3.63886e-10,6.23636e-15
0.547026,0.360472,3.63886e-10,6.23636e-15
0.547026,0.360472,3.63886e-10,6.23636e-15
0.547026,0.360472,3.63886e-10,6.23636e-15
0.547026,0.360472,3.63886e-10,6.23636e-15
0.547026,0.360472,3.63886e-10,6.23636e-15
0.547026,0.360472,3.63886e-10,6.23636e-15
0.547026,0.360472,3.63886e-10,6.23636e-15
0.547026,0.360472,3.63886e-10,6.23636e-15
0.547026,0.360472,3.63886e-10,6.23636e-15
0.547026,0.360472,3.63886e-10,6.23636e-15
0.547026,0.360472,3.63886e-10,6.23636e-15
0.547026,0.360472,3.63886e-10,6.23636e-15
0.547026,0.360472,3.63886e-10,6.23636e-15
0.547026,0.360472,3.63886e-10,6.23636e-15
0.547026,0.360472,3.63886e-10,6.23636e-15
0.547026,0.360472,3.63886e-10,6.23636e-15
0.547026,0.360472,3.63886e-10,6.23636e-15
0.547026,0.360472,3.63886e-10,6.23636e-15
0.547026,0.360472,3.63886e-10,6.23636e-15
0.628615,0.398856,4.1816e-10,6.90043e-15
0.628615,0.398856,4.1816e-10,6.90043e-15
0.628615,0.398856,4.1816e-10,6.90043e-15
0.628615,0.398856,4.1816e-10,6.90043e-15
0.628615,0.398856,4.1816e-10,6.90043e-15
0.628615,0.398856,4.1816e-10,6.90043e-15
0.628615,0.398856,4.1816e-10,6.90043e-15
0.628615,0.398856,4.1816e-10,6.90043e-15
0.628615,0.398856,4.1816e-10,6.90043e-15
0.628615,0.398856,4.1816e-10,6.90043e-15
0.628615,0.398856,4.1816e-10,6.90043e-15
0.628615,0.398856,4.1816e-10,6.90043e-15
0.628615,0.398856,4.1816e-10,6.90043e-15
0.628615,0.398856,4.1816e-10,6.90043e-15
0.628615,0.398856,4.1816e-10,6.90043e-15
0.628615,0.398856,4.1816e-10,6.90043e-15
0.628615,0.398856,4.1816e-10,6.90043e-15
0.628615,0.398856,4.1816e-10,6.90043e-15
0.628615,0.398856,4.1816e-10,6.90043e-15
0.628615,0.398856,4.1816e-10,6.90043e-15
0.628615,0.398856,4.1816e-10,6.90043e-15
0.628615,0.398856,4.1816e-10,6.90043e-15
0.628615,0.398856,4.1816e-10,6.90043e-15
0.628615,0.398856,4.1816e-10,6.90043e-15
0.628615,0.398856,4.1816e-10,6.90043e-15
0.628615,0.398856,4.1816e-10,6.90043e-15
0.628615,0.398856,4.1816e-10,6.90043e-15
0.628615,0.398856,4.1816e-10,6.90043e-15
0.628615,0.398856,4.1816e-10,6.90043e-15
0.628615,0.398856,4.1816e-10,6.90043e-15
0.628615,0.398856,4.1816e-10,6.90043e-15
0.628615,0.398856,4.1816e-10,6.90043e-15
0.628615,0.398856,4.1816e-10,6.90043e-15
0.628615,0.398856,4.1816e-10,6.90043e-15
0.628615,0.398856,4.1816e-10,6.90043e-15
0.391778,0.194001,2.60614e-10,3.35633e-15
0.596645,0.427409,3.96894e-10,7.39441e-15
0.596645,0.427409,3.96894e-10,7.39441e-15
0.596645,0.427409,3.96894e-10,7.39441e-15
0.596645,0.427409,3.96894e-10,7.39441e-15
0.596645,0.427409,3.96894e-10,7.39441e-15
0.596645,0.427409,3.96894e-10,7.39441e-15
0.596645,0.427409,3.96894e-10,7.39441e-15
0.596645,0.427409,3.96894e-10,7.39441e-15
0.596645,0.427409,3.96894e-10,7.39441e-15
0.596645,0.427409,3.96894e-10,7.39441e-15
0.596645,0.427409,3.96894e-10,7.39441e-15
0.596645,0.427409,3.96894e-10,7.39441e-15
0.596645,0.427409,3.96894e-10,7.39441e-15
0.596645,0.427409,3.96894e-10,7.39441e-15
0.596645,0.427409,3.96894e-10,7.39441e-15
0.596645,0.427409,3.96894e-10,7.39441e-15
0.596645,0.427409,3.96894e-10,7.39441e-15
0.596645,0.427409,3.96894e-10,7.39441e-15
0.596645,0.427409,3.96894e-10,7.39441e-15
0.596645,0.427409,3.96894e-10,7.39441e-15
0.596645,0.427409,3.96894e-10,7.39441e-15
0.596645,0.427409,3.96894e-10,7.39441e-15
0.596645,0.427409,3.96894e-10,7.39441e-15
0.596645,0.427409,3.96894e-10,7.39441e-15
0.596645,0.427409,3.96894e-10,7.39441e-15
0.755638,0.595721,5.02657e-10,1.03063e-14
0.755638,0.595721,5.02657e-10,1.03063e-14
0.755638,0.595721,5.02657e-10,1.03063e-14
0.755638,0.595721,5.02657e-10,1.03063e-14
0.755638,0.595721,5.02657e-10,1.03063e-14
0.755638,0.595721,5.02657e-10,1.03063e-14
0.755638,0.595721,5.02657e-10,1.03063e-14
0.755638,0.595721,5.02657e-10,1.03063e-14
0.755638,0.595721,5.02657e-10,1.03063e-14
0.755638,0.595721,5.02657e-10,1.03063e-14
0.755638,0.595721,5.02657e-10,1.03063e-14
0.755638,0.595721,5.02657e-10,1.03063e-14
0.755638,0.595721,5.02657e-10,1.03063e-14
0.755638,0.595721,5.02657e-10,1.03063e-14
0.755638,0.595721,5.02657e-10,1.03063e-14
0.755638,0.595721,5.02657e-10,1.03063e-14
0.755638,0.595721,5.02657e-10,1.03063e-14
0.755638,0.595721,5.02657e-10,1.03063e-14
0.755638,0.595721,5.02657e-10,1.03063e-14
0.755638,0.595721,5.02657e-10,1.03063e-14
0.755638,0.595721,5.02657e-10,1.03063e-14
0.755638,0.595721,5.02657e-10,1.03063e-14
0.755638,0.595721,5.02657e-10,1.03063e-14
0.755638,0.595721,5.02657e-10,1.03063e-14
0.755638,0.595721,5.02657e-10,1.03063e-14
0.755638,0.595721,5.02657e-10,1.03063e-14
0.755638,0.595721,5.02657e-10,1.03063e-14
0.755638,0.595721,5.02657e-10,1.03063e-14
0.755638,0.595721,5.02657e-10,1.03063e-14
0.755638,0.595721,5.02657e-10,1.03063e-14
0.755638,0.595721,5.02657e-10,1.03063e-14
0.755638,0.595721,5.02657e-10,1.03063e-14
0.755638,0.595721,5.02657e-10,1.03063e-14
0.755638,0.595721,5.02657e-10,1.03063e-14
0.755638,0.595721,5.02657e-10,1.03063e-14
0.755638,0.595721,5.02657e-10,1.03063e-14
0.755638,0.595721,5.02657e-10,1.03063e-14
0.568057,0.343808,3.77877e-10,5.94806e-15
0.568057,0.343808,3.77877e-10,5.94806e-15
0.568057,0.343808,3.77877e-10,5.94806e-15
0.568057,0.343808,3.77877e-10,5.94806e-15
0.568057,0.343808,3.77877e-10,5.94806e-15
0.568057,0.343808,3.77877e-10,5.94806e-15
0.568057,0.343808,3.77877e-10,5.94806e-15
0.568057,0.343808,3.77877e-10,5.94806e-15
0.568057,0.343808,3.77877e-10,5.94806e-15
0.568057,0.343808,3.77877e-10,5.94806e-15
0.568057,0.343808,3.77877e-10,5.94806e-15
0.568057,0.343808,3.77877e-10,5.94806e-15
0.568057,0.343808,3.77877e-10,5.94806e-15
0.568057,0.343808,3.77877e-10,5.94806e-15
0.568057,0.343808,3.77877e-10,5.94806e-15
0.568057,0.343808,3.77877e-10,5.94806e-15
0.568057,0.343808,3.77877e-10,5.94806e-15
0.568057,0.343808,3.77877e-10,5.94806e-15
0.568057,0.343808,3.77877e-10,5.94806e-15
0.568057,0.343808,3.77877e-10,5.94806e-15
0.568057,0.343808,3.77877e-10,5.94806e-15
0.568057,0.343808,3.77877e-10,5.94806e-15
0.568057,0.343808,3.77877e-10,5.94806e-15
0.568057,0.343808,3.77877e-10,5.94806e-15
0.568057,0.343808,3.77877e-10,5.94806e-15
0.568057,0.343808,3.77877e-10,5.94806e-15
0.568057,0.343808,3.77877e-10,5.94806e-15
0.568057,0.343808,3.77877e-10,5.94806e-15
0.568057,0.343808,3.77877e-10,5.94806e-15
0.568057,0.343808,3.77877e-10,5.94806e-15
0.568057,0.343808,3.77877e-10,5.94806e-15
0.568057,0.343808,3.77877e-10,5.94806e-15
0.568057,0.343808,3.77877e-10,5.94806e-15
0.568057,0.343808,3.77877e-10,5.94806e-15
0.568057,0.343808,3.77877e-10,5.94806e-15
0.568057,0.343808,3.77877e-10,5.94806e-15
0.568057,0.343808,3.77877e-10,5.94806e-15
0.568057,0.343808,3.77877e-10,5.94806e-15
0.568057,0.343808,3.77877e-10,5.94806e-15
0.486779,0.299294,3.23809e-10,5.17794e-15
0.486779,0.299294,3.23809e-10,5.17794e-15
0.486779,0.299294,3.23809e-10,5.17794e-15
0.486779,0.299294,3.23809e-10,5.17794e-15
0.486779,0.299294,3.23809e-10,5.17794e-15
0.486779,0.299294,3.23809e-10,5.17794e-15
0.486779,0.299294,3.23809e-10,5.17794e-15
0.486779,0.299294,3.23809e-10,5.17794e-15
0.486779,0.299294,3.23809e-10,5.17794e-15
0.486779,0.299294,3.23809e-10,5.17794e-15
0.486779,0.299294,3.23809e-10,5.17794e-15
0.486779,0.299294,3.23809e-10,5.17794e-15
0.486779,0.299294,3.23809e-10,5.17794e-15
0.486779,0.299294,3.23809e-10,5.17794e-15
0.486779,0.299294,3.23809e-10,5.17794e-15
0.486779,0.299294,3.23809e-10,5.17794e-15
0.486779,0.299294,3.23809e-10,5.17794e-15
0.486779,0.299294,3.23809e-10,5.17794e-15
0.486779,0.299294,3.23809e-10,5.17794e-15
0.486779,0.299294,3.23809e-10,5.17794e-15
0.486779,0.299294,3.23809e-10,5.17794e-15
0.486779,0.299294,3.23809e-10,5.17794e-15
0.486779,0.299294,3.23809e-10,5.17794e-15
0.486779,0.299294,3.23809e-10,5.17794e-15
0.486779,0.299294,3.23809e-10,5.17794e-15
0.486779,0.299294,3.23809e-10,5.17794e-15
0.486779,0.299294,3.23809e-10,5.17794e-15
0.486779,0.299294,3.23809e-10,5.17794e-15
0.486779,0.299294,3.23809e-10,5.17794e-15
0.486779,0.299294,3.23809e-10,5.17794e-15
0.486779,0.299294,3.23809e-10,5.17794e-15
0.486779,0.299294,3.23809e-10,5.17794e-15
0.486779,0.299294,3.23809e-10,5.17794e-15
0.486779,0.299294,3.23809e-10,5.17794e-15
0.486779,0.299294,3.23809e-10,5.17794e-15
0.486779,0.299294,3.23809e-10,5.17794e-15
0.486779,0.299294,3.23809e-10,5.17794e-15
0.486779,0.299294,3.23809e-10,5.17794e-15
0.486779,0.299294,3.23809e-10,5.17794e-15
0.486779,0.299294,3.23809e-10,5.17794e-15
0.486779,0.299294,3.23809e-10,5.17794e-15
0.486779,0.299294,3.23809e-10,5.17794e-15
0.486779,0.299294,3.23809e-10,5.17794e-15
0.486779,0.299294,3.23809e-10,5.17794e-15
0.486779,0.299294,3.23809e-10,5.17794e-15
0.486779,0.299294,3.23809e-10,5.17794e-15
0.486779,0.299294,3.23809e-10,5.17794e-15
0.486779,0.299294,3.23809e-10,5.17794e-15
0.486779,0.299294,3.23809e-10,5.17794e-15
0.486779,0.299294,3.23809e-10,5.17794e-15
0.486779,0.299294,3.23809e-10,5.17794e-15
0.486779,0.299294,3.23809e-10,5.17794e-15
0.486779,0.299294,3.23809e-10,5.17794e-15
0.486779,0.299294,3.23809e-10,5.17794e-15
0.486779,0.299294,3.23809e-10,5.17794e-15
0.486779,0.299294,3.23809e-10,5.17794e-15
0.486779,0.299294,3.23809e-10,5.17794e-15
0.486779,0.299294,3.23809e-10,5.17794e-15
0.486779,0.299294,3.23809e-10,5.17794e-15
0.486779,0.299294,3.23809e-10,5.17794e-15
0.486779,0.299294,3.23809e-10,5.17794e-15
0.486779,0.299294,3.23809e-10,5.17794e-15
0.486779,0.299294,3.23809e-10,5.17794e-15
0.486779,0.299294,3.23809e-10,5.17794e-15
0.486779,0.299294,3.23809e-10,5.17794e-15
0.486779,0.299294,3.23809e-10,5.17794e-15
0.486779,0.299294,3.23809e-10,5.17794e-15
0.486779,0.299294,3.23809e-10,5.17794e-15
0.486779,0.299294,3.23809e-10,5.17794e-15
0.486779,0.299294,3.23809e-10,5.17794e-15
0.486779,0.299294,3.23809e-10,5.17794e-15
0.486779,0.299294,3.23809e-10,5.17794e-15
0.486779,0.299294,3.23809e-10,5.17794e-15
0.486779,0.299294,3.23809e-10,5.17794e-15
0.486779,0.299294,3.23809e-10,5.17794e-15
0.486779,0.299294,3.23809e-10,5.17794e-15
0.486779,0.299294,3.23809e-10,5.17794e-15
0.486779,0.299294,3.23809e-10,5.17794e-15
0.486779,0.299294,3.23809e-10,5.17794e-15
0.486779,0.299294,3.23809e-10,5.17794e-15
0.486779,0.299294,3.23809e-10,5.17794e-15
0.486779,0.299294,3.23809e-10,5.17794e-15
0.486779,0.299294,3.23809e-10,5.17794e-15
0.486779,0.299294,3.23809e-10,5.17794e-15
0.486779,0.299294,3.23809e-10,5.17794e-15
0.486779,0.299294,3.23809e-10,5.17794e-15
0.486779,0.299294,3.23809e-10,5.17794e-15
0.486779,0.299294,3.23809e-10,5.17794e-15
0.486779,0.299294,3.23809e-10,5.17794e-15
0.486779,0.299294,3.23809e-10,5.17794e-15
0.486779,0.299294,3.23809e-10,5.17794e-15
0.486779,0.299294,3.23809e-10,5.17794e-15
0.486779,0.299294,3.23809e-10,5.17794e-15
0.486779,0.299294,3.23809e-10,5.17794e-15
0.486779,0.299294,3.23809e-10,5.17794e-15
0.486779,0.299294,3.23809e-10,5.17794e-15
0.486779,0.299294,3.23809e-10,5.17794e-15
0.486779,0.299294,3.23809e-10,5.17794e-15
0.486779,0.299294,3.23809e-10,5.17794e-15
0.486779,0.299294,3.23809e-10,5.17794e-15
0.486779,0.299294,3.23809e-10,5.17794e-15
0.486779,0.299294,3.23809e-10,5.17794e-15
0.486779,0.299294,3.23809e-10,5.17794e-15
0.486779,0.299294,3.23809e-10,5.17794e-15
0.486779,0.299294,3.23809e-10,5.17794e-15
0.486779,0.299294,3.23809e-10,5.17794e-15
0.486779,0.299294,3.23809e-10,5.17794e-15
0.486779,0.299294,3.23809e-10,5.17794e-15
0.486779,0.299294,3.23809e-10,5.17794e-15
0.486779,0.299294,3.23809e-10,5.17794e-15
0.486779,0.299294,3.23809e-10,5.17794e-15
0.486779,0.299294,3.23809e-10,5.17794e-15
0.486779,0.299294,3.23809e-10,5.17794e-15
0.486779,0.299294,3.23809e-10,5.17794e-15
0.486779,0.299294,3.23809e-10,5.17794e-15
0.486779,0.299294,3.23809e-10,5.17794e-15
0.486779,0.299294,3.23809e-10,5.17794e-15
0.486779,0.299294,3.23809e-10,5.17794e-15
0.486779,0.299294,3.23809e-10,5.17794e-15
0.486779,0.299294,3.23809e-10,5.17794e-15
0.486779,0.299294,3.23809e-10,5.17794e-15
0.486779,0.299294,3.23809e-10,5.17794e-15
0.486779,0.299294,3.23809e-10,5.17794e-15
0.486779,0.299294,3.23809e-10,5.17794e-15
0.486779,0.299294,3.23809e-10,5.17794e-15
0.486779,0.299294,3.23809e-10,5.17794e-15
0.486779,0.299294,3.23809e-10,5.17794e-15
0.486779,0.299294,3.23809e-10,5.17794e-15
0.486779,0.299294,3.23809e-10,5.17794e-15
0.486779,0.299294,3.23809e-10,5.17794e-15
0.486779,0.299294,3.23809e-10,5.17794e-15
0.486779,0.299294,3.23809e-10,5.17794e-15
0.486779,0.299294,3.23809e-10,5.17794e-15
0.486779,0.299294,3.23809e-10,5.17794e-15
0.486779,0.299294,3.23809e-10,5.17794e-15
0.486779,0.299294,3.23809e-10,5.17794e-15
0.486779,0.299294,3.23809e-10,5.17794e-15
0.486779,0.299294,3.23809e-10,5.17794e-15
0.486779,0.299294,3.23809e-10,5.17794e-15
0.486779,0.299294,3.23809e-10,5.17794e-15
0.486779,0.299294,3.23809e-10,5.17794e-15
0.486779,0.299294,3.23809e-10,5.17794e-15
0.486779,0.299294,3.23809e-10,5.17794e-15
0.486779,0.299294,3.23809e-10,5.17794e-15
0.486779,0.299294,3.23809e-10,5.17794e-15
0.486779,0.299294,3.23809e-10,5.17794e-15
0.486779,0.299294,3.23809e-10,5.17794e-15
0.486779,0.299294,3.23809e-10,5.17794e-15
0.486779,0.299294,3.23809e-10,5.17794e-15
0.486779,0.299294,3.23809e-10,5.17794e-15
0.486779,0.299294,3.23809e-10,5.17794e-15
0.486779,0.299294,3.23809e-10,5.17794e-15
0.486779,0.299294,3.23809e-10,5.17794e-15
0.486779,0.299294,3.23809e-10,5.17794e-15
0.486779,0.299294,3.23809e-10,5.17794e-15
0.486779,0.299294,3.23809e-10,5.17794e-15
0.61008,0.407101,4.0583e-10,7.04307e-15
0.61008,0.407101,4.0583e-10,7.04307e-15
0.61008,0.407101,4.0583e-10,7.04307e-15
0.61008,0.407101,4.0583e-10,7.04307e-15
0.61008,0.407101,4.0583e-10,7.04307e-15
0.61008,0.407101,4.0583e-10,7.04307e-15
0.61008,0.407101,4.0583e-10,7.04307e-15
0.61008,0.407101,4.0583e-10,7.04307e-15
0.61008,0.407101,4.0583e-10,7.04307e-15
0.61008,0.407101,4.0583e-10,7.04307e-15
0.61008,0.407101,4.0583e-10,7.04307e-15
0.61008,0.407101,4.0583e-10,7.04307e-15
0.61008,0.407101,4.0583e-10,7.04307e-15
0.61008,0.407101,4.0583e-10,7.04307e-15
0.61008,0.407101,4.0583e-10,7.04307e-15
0.61008,0.407101,4.0583e-10,7.04307e-15
0.61008,0.407101,4.0583e-10,7.04307e-15
0.61008,0.407101,4.0583e-10,7.04307e-15
0.61008,0.407101,4.0583e-10,7.04307e-15
0.61008,0.407101,4.0583e-10,7.04307e-15
0.61008,0.407101,4.0583e-10,7.04307e-15
0.61008,0.407101,4.0583e-10,7.04307e-15
0.61008,0.407101,4.0583e-10,7.04307e-15
0.61008,0.407101,4.0583e-10,7.04307e-15
0.61008,0.407101,4.0583e-10,7.04307e-15
0.61008,0.407101,4.0583e-10,7.04307e-15
0.61008,0.407101,4.0583e-10,7.04307e-15
0.61008,0.407101,4.0583e-10,7.04307e-15
0.61008,0.407101,4.0583e-10,7.04307e-15
0.61008,0.407101,4.0583e-10,7.04307e-15
0.61008,0.407101,4.0583e-10,7.04307e-15
0.61008,0.407101,4.0583e-10,7.04307e-15
0.61008,0.407101,4.0583e-10,7.04307e-15
0.61008,0.407101,4.0583e-10,7.04307e-15
0.61008,0.407101,4.0583e-10,7.04307e-15
0.61008,0.407101,4.0583e-10,7.04307e-15
0.61008,0.407101,4.0583e-10,7.04307e-15
0.61008,0.407101,4.0583e-10,7.04307e-15
0.61008,0.407101,4.0583e-10,7.04307e-15
0.61008,0.407101,4.0583e-10,7.04307e-15
0.61008,0.407101,4.0583e-10,7.04307e-15
0.61008,0.407101,4.0583e-10,7.04307e-15
0.61008,0.407101,4.0583e-10,7.04307e-15
0.61008,0.407101,4.0583e-10,7.04307e-15
0.61008,0.407101,4.0583e-10,7.04307e-15
0.61008,0.407101,4.0583e-10,7.04307e-15
0.61008,0.407101,4.0583e-10,7.04307e-15
0.92482,0.801327,6.15198e-10,1.38634e-14
0.92482,0.801327,6.15198e-10,1.38634e-14
0.92482,0.801327,6.15198e-10,1.38634e-14
0.92482,0.801327,6.15198e-10,1.38634e-14
0.92482,0.801327,6.15198e-10,1.38634e-14
0.92482,0.801327,6.15198e-10,1.38634e-14
0.92482,0.801327,6.15198e-10,1.38634e-14
0.92482,0.801327,6.15198e-10,1.38634e-14
0.92482,0.801327,6.15198e-10,1.38634e-14
0.92482,0.801327,6.15198e-10,1.38634e-14
0.92482,0.801327,6.15198e-10,1.38634e-14
0.92482,0.801327,6.15198e-10,1.38634e-14
0.92482,0.801327,6.15198e-10,1.38634e-14
0.92482,0.801327,6.15198e-10,1.38634e-14
0.92482,0.801327,6.15198e-10,1.38634e-14
0.92482,0.801327,6.15198e-10,1.38634e-14
0.92482,0.801327,6.15198e-10,1.38634e-14
0.92482,0.801327,6.15198e-10,1.38634e-14
0.92482,0.801327,6.15198e-10,1.38634e-14
0.357095,0.179533,2.37543e-10,3.10602e-15
0.357095,0.179533,2.37543e-10,3.10602e-15
0.357095,0.179533,2.37543e-10,3.10602e-15
0.357095,0.179533,2.37543e-10,3.10602e-15
0.357095,0.179533,2.37543e-10,3.10602e-15
0.357095,0.179533,2.37543e-10,3.10602e-15
0.357095,0.179533,2.37543e-10,3.10602e-15
0.357095,0.179533,2.37543e-10,3.10602e-15
0.357095,0.179533,2.37543e-10,3.10602e-15
0.357095,0.179533,2.37543e-10,3.10602e-15
0.357095,0.179533,2.37543e-10,3.10602e-15
0.357095,0.179533,2.37543e-10,3.10602e-15
0.357095,0.179533,2.37543e-10,3.10602e-15
0.357095,0.179533,2.37543e-10,3.10602e-15
0.357095,0.179533,2.37543e-10,3.10602e-15
0.357095,0.179533,2.37543e-10,3.10602e-15
0.357095,0.179533,2.37543e-10,3.10602e-15
0.357095,0.179533,2.37543e-10,3.10602e-15
0.357095,0.179533,2.37543e-10,3.10602e-15
0.556837,0.354806,3.70413e-10,6.13834e-15
0.556837,0.354806,3.70413e-10,6.13834e-15
0.556837,0.354806,3.70413e-10,6.13834e-15
0.556837,0.354806,3.70413e-10,6.13834e-15
0.556837,0.354806,3.70413e-10,6.13834e-15
0.556837,0.354806,3.70413e-10,6.13834e-15
0.556837,0.354806,3.70413e-10,6.13834e-15
0.556837,0.354806,3.70413e-10,6.13834e-15
0.556837,0.354806,3.70413e-10,6.13834e-15
0.556837,0.354806,3.70413e-10,6.13834e-15
0.556837,0.354806,3.70413e-10,6.13834e-15
0.556837,0.354806,3.70413e-10,6.13834e-15
0.556837,0.354806,3.70413e-10,6.13834e-15
0.556837,0.354806,3.70413e-10,6.13834e-15
0.556837,0.354806,3.70413e-10,6.13834e-15
0.556837,0.354806,3.70413e-10,6.13834e-15
0.556837,0.354806,3.70413e-10,6.13834e-15
0.556837,0.354806,3.70413e-10,6.13834e-15
0.556837,0.354806,3.70413e-10,6.13834e-15
0.556837,0.354806,3.70413e-10,6.13834e-15
0.337669,0.161307,2.24621e-10,2.7907e-15
0.337669,0.161307,2.24621e-10,2.7907e-15
0.337669,0.161307,2.24621e-10,2.7907e-15
0.337669,0.161307,2.24621e-10,2.7907e-15
0.337669,0.161307,2.24621e-10,2.7907e-15
0.337669,0.161307,2.24621e-10,2.7907e-15
0.337669,0.161307,2.24621e-10,2.7907e-15
0.337669,0.161307,2.24621e-10,2.7907e-15
0.337669,0.161307,2.24621e-10,2.7907e-15
0.337669,0.161307,2.24621e-10,2.7907e-15
0.337669,0.161307,2.24621e-10,2.7907e-15
0.337669,0.161307,2.24621e-10,2.7907e-15
0.337669,0.161307,2.24621e-10,2.7907e-15
0.337669,0.161307,2.24621e-10,2.7907e-15
0.337669,0.161307,2.24621e-10,2.7907e-15
0.337669,0.161307,2.24621e-10,2.7907e-15
0.337669,0.161307,2.24621e-10,2.7907e-15
0.337669,0.161307,2.24621e-10,2.7907e-15
0.337669,0.161307,2.24621e-10,2.7907e-15
0.337669,0.161307,2.24621e-10,2.7907e-15
0.337669,0.161307,2.24621e-10,2.7907e-15
0.337669,0.161307,2.24621e-10,2.7907e-15
0.337669,0.161307,2.24621e-10,2.7907e-15
0.337669,0.161307,2.24621e-10,2.7907e-15
0.337669,0.161307,2.24621e-10,2.7907e-15
0.337669,0.161307,2.24621e-10,2.7907e-15
0.337669,0.161307,2.24621e-10,2.7907e-15
0.337669,0.161307,2.24621e-10,2.7907e-15
0.337669,0.161307,2.24621e-10,2.7907e-15
0.337669,0.161307,2.24621e-10,2.7907e-15
0.337669,0.161307,2.24621e-10,2.7907e-15
0.337669,0.161307,2.24621e-10,2.7907e-15
0.337669,0.161307,2.24621e-10,2.7907e-15
0.337669,0.161307,2.24621e-10,2.7907e-15
0.337669,0.161307,2.24621e-10,2.7907e-15
0.337669,0.161307,2.24621e-10,2.7907e-15
0.337669,0.161307,2.24621e-10,2.7907e-15
0.337669,0.161307,2.24621e-10,2.7907e-15
0.337669,0.161307,2.24621e-10,2.7907e-15
0.337669,0.161307,2.24621e-10,2.7907e-15
0.337669,0.161307,2.24621e-10,2.7907e-15
0.337669,0.161307,2.24621e-10,2.7907e-15
0.337669,0.161307,2.24621e-10,2.7907e-15
0.337669,0.161307,2.24621e-10,2.7907e-15
0.337669,0.161307,2.24621e-10,2.7907e-15
0.337669,0.161307,2.24621e-10,2.7907e-15
0.337669,0.161307,2.24621e-10,2.7907e-15
0.337669,0.161307,2.24621e-10,2.7907e-15
0.337669,0.161307,2.24621e-10,2.7907e-15
0.337669,0.161307,2.24621e-10,2.7907e-15
0.337669,0.161307,2.24621e-10,2.7907e-15
0.337669,0.161307,2.24621e-10,2.7907e-15
0.337669,0.161307,2.24621e-10,2.7907e-15
0.337669,0.161307,2.24621e-10,2.7907e-15
0.337669,0.161307,2.24621e-10,2.7907e-15
0.337669,0.161307,2.24621e-10,2.7907e-15
0.337669,0.161307,2.24621e-10,2.7907e-15
0.337669,0.161307,2.24621e-10,2.7907e-15
0.337669,0.161307,2.24621e-10,2.7907e-15
0.337669,0.161307,2.24621e-10,2.7907e-15
0.337669,0.161307,2.24621e-10,2.7907e-15
0.337669,0.161307,2.24621e-10,2.7907e-15
0.337669,0.161307,2.24621e-10,2.7907e-15
0.337669,0.161307,2.24621e-10,2.7907e-15
0.337669,0.161307,2.24621e-10,2.7907e-15
0.337669,0.161307,2.24621e-10,2.7907e-15
0.337669,0.161307,2.24621e-10,2.7907e-15
0.337669,0.161307,2.24621e-10,2.7907e-15
0.337669,0.161307,2.24621e-10,2.7907e-15
0.337669,0.161307,2.24621e-10,2.7907e-15
0.337669,0.161307,2.24621e-10,2.7907e-15
0.337669,0.161307,2.24621e-10,2.7907e-15
0.337669,0.161307,2.24621e-10,2.7907e-15
0.337669,0.161307,2.24621e-10,2.7907e-15
0.337669,0.161307,2.24621e-10,2.7907e-15
0.337669,0.161307,2.24621e-10,2.7907e-15
0.337669,0.161307,2.24621e-10,2.7907e-15
0.337669,0.161307,2.24621e-10,2.7907e-15
0.337669,0.161307,2.24621e-10,2.7907e-15
0.337669,0.161307,2.24621e-10,2.7907e-15
0.337669,0.161307,2.24621e-10,2.7907e-15
0.337669,0.161307,2.24621e-10,2.7907e-15
0.337669,0.161307,2.24621e-10,2.7907e-15
0.337669,0.161307,2.24621e-10,2.7907e-15
0.337669,0.161307,2.24621e-10,2.7907e-15
0.337669,0.161307,2.24621e-10,2.7907e-15
0.337669,0.161307,2.24621e-10,2.7907e-15
0.337669,0.161307,2.24621e-10,2.7907e-15
0.337669,0.161307,2.24621e-10,2.7907e-15
0.337669,0.161307,2.24621e-10,2.7907e-15
0.337669,0.161307,2.24621e-10,2.7907e-15
0.337669,0.161307,2.24621e-10,2.7907e-15
0.337669,0.161307,2.24621e-10,2.7907e-15
0.337669,0.161307,2.24621e-10,2.7907e-15
0.337669,0.161307,2.24621e-10,2.7907e-15
0.337669,0.161307,2.24621e-10,2.7907e-15
0.337669,0.161307,2.24621e-10,2.7907e-15
0.337669,0.161307,2.24621e-10,2.7907e-15
0.337669,0.161307,2.24621e-10,2.7907e-15
0.337669,0.161307,2.24621e-10,2.7907e-15
0.337669,0.161307,2.24621e-10,2.7907e-15
0.337669,0.161307,2.24621e-10,2.7907e-15
0.337669,0.161307,2.24621e-10,2.7907e-15
0.337669,0.161307,2.24621e-10,2.7907e-15
0.337669,0.161307,2.24621e-10,2.7907e-15
0.337669,0.161307,2.24621e-10,2.7907e-15
0.337669,0.161307,2.24621e-10,2.7907e-15
0.337669,0.161307,2.24621e-10,2.7907e-15
0.337669,0.161307,2.24621e-10,2.7907e-15
0.337669,0.161307,2.24621e-10,2.7907e-15
0.337669,0.161307,2.24621e-10,2.7907e-15
0.337669,0.161307,2.24621e-10,2.7907e-15
0.337669,0.161307,2.24621e-10,2.7907e-15
0.337669,0.161307,2.24621e-10,2.7907e-15
0.337669,0.161307,2.24621e-10,2.7907e-15
0.337669,0.161307,2.24621e-10,2.7907e-15
0.337669,0.161307,2.24621e-10,2.7907e-15
0.337669,0.161307,2.24621e-10,2.7907e-15
0.337669,0.161307,2.24621e-10,2.7907e-15
0.337669,0.161307,2.24621e-10,2.7907e-15
0.337669,0.161307,2.24621e-10,2.7907e-15
0.337669,0.161307,2.24621e-10,2.7907e-15
0.337669,0.161307,2.24621e-10,2.7907e-15
0.337669,0.161307,2.24621e-10,2.7907e-15
0.337669,0.161307,2.24621e-10,2.7907e-15
0.337669,0.161307,2.24621e-10,2.7907e-15
0.337669,0.161307,2.24621e-10,2.7907e-15
0.337669,0.161307,2.24621e-10,2.7907e-15
0.337669,0.161307,2.24621e-10,2.7907e-15
0.337669,0.161307,2.24621e-10,2.7907e-15
0.337669,0.161307,2.24621e-10,2.7907e-15
0.337669,0.161307,2.24621e-10,2.7907e-15
0.337669,0.161307,2.24621e-10,2.7907e-15
0.337669,0.161307,2.24621e-10,2.7907e-15
0.337669,0.161307,2.24621e-10,2.7907e-15
0.337669,0.161307,2.24621e-10,2.7907e-15
0.337669,0.161307,2.24621e-10,2.7907e-15
0.337669,0.161307,2.24621e-10,2.7907e-15
0.337669,0.161307,2.24621e-10,2.7907e-15
0.337669,0.161307,2.24621e-10,2.7907e-15
0.337669,0.161307,2.24621e-10,2.7907e-15
0.337669,0.161307,2.24621e-10,2.7907e-15
0.337669,0.161307,2.24621e-10,2.7907e-15
0.337669,0.161307,2.24621e-10,2.7907e-15
0.337669,0.161307,2.24621e-10,2.7907e-15
0.337669,0.161307,2.24621e-10,2.7907e-15
0.337669,0.161307,2.24621e-10,2.7907e-15
0.337669,0.161307,2.24621e-10,2.7907e-15
0.337669,0.161307,2.24621e-10,2.7907e-15
0.337669,0.161307,2.24621e-10,2.7907e-15
0.337669,0.161307,2.24621e-10,2.7907e-15
0.337669,0.161307,2.24621e-10,2.7907e-15
0.337669,0.161307,2.24621e-10,2.7907e-15
0.337669,0.161307,2.24621e-10,2.7907e-15
0.337669,0.161307,2.24621e-10,2.7907e-15
0.337669,0.161307,2.24621e-10,2.7907e-15
0.337669,0.161307,2.24621e-10,2.7907e-15
0.337669,0.161307,2.24621e-10,2.7907e-15
0.337669,0.161307,2.24621e-10,2.7907e-15
0.337669,0.161307,2.24621e-10,2.7907e-15
0.337669,0.161307,2.24621e-10,2.7907e-15
0.337669,0.161307,2.24621e-10,2.7907e-15
0.337669,0.161307,2.24621e-10,2.7907e-15
0.337669,0.161307,2.24621e-10,2.7907e-15
0.337669,0.161307,2.24621e-10,2.7907e-15
0.337669,0.161307,2.24621e-10,2.7907e-15
0.337669,0.161307,2.24621e-10,2.7907e-15
0.337669,0.161307,2.24621e-10,2.7907e-15
0.337669,0.161307,2.24621e-10,2.7907e-15
0.337669,0.161307,2.24621e-10,2.7907e-15
0.337669,0.161307,2.24621e-10,2.7907e-15
0.337669,0.161307,2.24621e-10,2.7907e-15
0.337669,0.161307,2.24621e-10,2.7907e-15
0.337669,0.161307,2.24621e-10,2.7907e-15
0.337669,0.161307,2.24621e-10,2.7907e-15
0.337669,0.161307,2.24621e-10,2.7907e-15
0.337669,0.161307,2.24621e-10,2.7907e-15
0.337669,0.161307,2.24621e-10,2.7907e-15
0.337669,0.161307,2.24621e-10,2.7907e-15
0.337669,0.161307,2.24621e-10,2.7907e-15
0.337669,0.161307,2.24621e-10,2.7907e-15
0.337669,0.161307,2.24621e-10,2.7907e-15
0.337669,0.161307,2.24621e-10,2.7907e-15
0.337669,0.161307,2.24621e-10,2.7907e-15
0.337669,0.161307,2.24621e-10,2.7907e-15
0.337669,0.161307,2.24621e-10,2.7907e-15
0.337669,0.161307,2.24621e-10,2.7907e-15
0.337669,0.161307,2.24621e-10,2.7907e-15
0.337669,0.161307,2.24621e-10,2.7907e-15
0.337669,0.161307,2.24621e-10,2.7907e-15
0.337669,0.161307,2.24621e-10,2.7907e-15
0.337669,0.161307,2.24621e-10,2.7907e-15
0.337669,0.161307,2.24621e-10,2.7907e-15
0.337669,0.161307,2.24621e-10,2.7907e-15
0.337669,0.161307,2.24621e-10,2.7907e-15
0.337669,0.161307,2.24621e-10,2.7907e-15
0.337669,0.161307,2.24621e-10,2.7907e-15
0.337669,0.161307,2.24621e-10,2.7907e-15
0.337669,0.161307,2.24621e-10,2.7907e-15
0.337669,0.161307,2.24621e-10,2.7907e-15
0.337669,0.161307,2.24621e-10,2.7907e-15
0.337669,0.161307,2.24621e-10,2.7907e-15
0.337669,0.161307,2.24621e-10,2.7907e-15
0.337669,0.161307,2.24621e-10,2.7907e-15
0.337669,0.161307,2.24621e-10,2.7907e-15
0.337669,0.161307,2.24621e-10,2.7907e-15
0.337669,0.161307,2.24621e-10,2.7907e-15
0.337669,0.161307,2.24621e-10,2.7907e-15
0.337669,0.161307,2.24621e-10,2.7907e-15
0.337669,0.161307,2.24621e-10,2.7907e-15
0.337669,0.161307,2.24621e-10,2.7907e-15
0.337669,0.161307,2.24621e-10,2.7907e-15
0.337669,0.161307,2.24621e-10,2.7907e-15
0.337669,0.161307,2.24621e-10,2.7907e-15
0.337669,0.161307,2.24621e-10,2.7907e-15
0.337669,0.161307,2.24621e-10,2.7907e-15
0.337669,0.161307,2.24621e-10,2.7907e-15
0.337669,0.161307,2.24621e-10,2.7907e-15
0.337669,0.161307,2.24621e-10,2.7907e-15
0.337669,0.161307,2.24621e-10,2.7907e-15
0.337669,0.161307,2.24621e-10,2.7907e-15
0.337669,0.161307,2.24621e-10,2.7907e-15
0.337669,0.161307,2.24621e-10,2.7907e-15
0.337669,0.161307,2.24621e-10,2.7907e-15
0.337669,0.161307,2.24621e-10,2.7907e-15
0.337669,0.161307,2.24621e-10,2.7907e-15
0.337669,0.161307,2.24621e-10,2.7907e-15
0.337669,0.161307,2.24621e-10,2.7907e-15
0.337669,0.161307,2.24621e-10,2.7907e-15
0.337669,0.161307,2.24621e-10,2.7907e-15
0.337669,0.161307,2.24621e-10,2.7907e-15
0.337669,0.161307,2.24621e-10,2.7907e-15
0.337669,0.161307,2.24621e-10,2.7907e-15
0.337669,0.161307,2.24621e-10,2.7907e-15
0.337669,0.161307,2.24621e-10,2.7907e-15
0.337669,0.161307,2.24621e-10,2.7907e-15
0.337669,0.161307,2.24621e-10,2.7907e-15
0.337669,0.161307,2.24621e-10,2.7907e-15
0.337669,0.161307,2.24621e-10,2.7907e-15
0.337669,0.161307,2.24621e-10,2.7907e-15
0.337669,0.161307,2.24621e-10,2.7907e-15
0.337669,0.161307,2.24621e-10,2.7907e-15
0.337669,0.161307,2.24621e-10,2.7907e-15
0.337669,0.161307,2.24621e-10,2.7907e-15
0.337669,0.161307,2.24621e-10,2.7907e-15
0.337669,0.161307,2.24621e-10,2.7907e-15
0.337669,0.161307,2.24621e-10,2.7907e-15
0.337669,0.161307,2.24621e-10,2.7907e-15
0.337669,0.161307,2.24621e-10,2.7907e-15
0.337669,0.161307,2.24621e-10,2.7907e-15
0.337669,0.161307,2.24621e-10,2.7907e-15
0.337669,0.161307,2.24621e-10,2.7907e-15
0.337669,0.161307,2.24621e-10,2.7907e-15
0.337669,0.161307,2.24621e-10,2.7907e-15
0.337669,0.161307,2.24621e-10,2.7907e-15
0.337669,0.161307,2.24621e-10,2.7907e-15
0.337669,0.161307,2.24621e-10,2.7907e-15
0.337669,0.161307,2.24621e-10,2.7907e-15
0.337669,0.161307,2.24621e-10,2.7907e-15
0.337669,0.161307,2.24621e-10,2.7907e-15
0.337669,0.161307,2.24621e-10,2.7907e-15
0.337669,0.161307,2.24621e-10,2.7907e-15
0.337669,0.161307,2.24621e-10,2.7907e-15
0.337669,0.161307,2.24621e-10,2.7907e-15
0.337669,0.161307,2.24621e-10,2.7907e-15
0.337669,0.161307,2.24621e-10,2.7907e-15
0.337669,0.161307,2.24621e-10,2.7907e-15
0.337669,0.161307,2.24621e-10,2.7907e-15
0.337669,0.161307,2.24621e-10,2.7907e-15
0.337669,0.161307,2.24621e-10,2.7907e-15
0.337669,0.161307,2.24621e-10,2.7907e-15
0.337669,0.161307,2.24621e-10,2.7907e-15
0.337669,0.161307,2.24621e-10,2.7907e-15
0.337669,0.161307,2.24621e-10,2.7907e-15
0.337669,0.161307,2.24621e-10,2.7907e-15
0.337669,0.161307,2.24621e-10,2.7907e-15
0.337669,0.161307,2.24621e-10,2.7907e-15
0.337669,0.161307,2.24621e-10,2.7907e-15
0.337669,0.161307,2.24621e-10,2.7907e-15
0.337669,0.161307,2.24621e-10,2.7907e-15
0.337669,0.161307,2.24621e-10,2.7907e-15
0.337669,0.161307,2.24621e-10,2.7907e-15
0.337669,0.161307,2.24621e-10,2.7907e-15
0.337669,0.161307,2.24621e-10,2.7907e-15
0.337669,0.161307,2.24621e-10,2.7907e-15
0.337669,0.161307,2.24621e-10,2.7907e-15
0.337669,0.161307,2.24621e-10,2.7907e-15
0.337669,0.161307,2.24621e-10,2.7907e-15
0.337669,0.161307,2.24621e-10,2.7907e-15
0.337669,0.161307,2.24621e-10,2.7907e-15
0.337669,0.161307,2.24621e-10,2.7907e-15
0.337669,0.161307,2.24621e-10,2.7907e-15
0.337669,0.161307,2.24621e-10,2.7907e-15
0.337669,0.161307,2.24621e-10,2.7907e-15
0.337669,0.161307,2.24621e-10,2.7907e-15
0.337669,0.161307,2.24621e-10,2.7907e-15
0.337669,0.161307,2.24621e-10,2.7907e-15
0.337669,0.161307,2.24621e-10,2.7907e-15
0.337669,0.161307,2.24621e-10,2.7907e-15
0.337669,0.161307,2.24621e-10,2.7907e-15
0.337669,0.161307,2.24621e-10,2.7907e-15
0.337669,0.161307,2.24621e-10,2.7907e-15
0.337669,0.161307,2.24621e-10,2.7907e-15
0.337669,0.161307,2.24621e-10,2.7907e-15
0.337669,0.161307,2.24621e-10,2.7907e-15
0.337669,0.161307,2.24621e-10,2.7907e-15
0.337669,0.161307,2.24621e-10,2.7907e-15
0.337669,0.161307,2.24621e-10,2.7907e-15
0.337669,0.161307,2.24621e-10,2.7907e-15
0.337669,0.161307,2.24621e-10,2.7907e-15
0.337669,0.161307,2.24621e-10,2.7907e-15
0.337669,0.161307,2.24621e-10,2.7907e-15
0.337669,0.161307,2.24621e-10,2.7907e-15
0.337669,0.161307,2.24621e-10,2.7907e-15
0.337669,0.161307,2.24621e-10,2.7907e-15
0.337669,0.161307,2.24621e-10,2.7907e-15
0.337669,0.161307,2.24621e-10,2.7907e-15
0.337669,0.161307,2.24621e-10,2.7907e-15
0.337669,0.161307,2.24621e-10,2.7907e-15
0.337669,0.161307,2.24621e-10,2.7907e-15
0.337669,0.161307,2.24621e-10,2.7907e-15
0.337669,0.161307,2.24621e-10,2.7907e-15
0.337669,0.161307,2.24621e-10,2.7907e-15
0.337669,0.161307,2.24621e-10,2.7907e-15
0.337669,0.161307,2.24621e-10,2.7907e-15
0.337669,0.161307,2.24621e-10,2.7907e-15
0.337669,0.161307,2.24621e-10,2.7907e-15
0.337669,0.161307,2.24621e-10,2.7907e-15
0.337669,0.161307,2.24621e-10,2.7907e-15
0.337669,0.161307,2.24621e-10,2.7907e-15
0.337669,0.161307,2.24621e-10,2.7907e-15
0.337669,0.161307,2.24621e-10,2.7907e-15
0.337669,0.161307,2.24621e-10,2.7907e-15
0.337669,0.161307,2.24621e-10,2.7907e-15
0.337669,0.161307,2.24621e-10,2.7907e-15
0.337669,0.161307,2.24621e-10,2.7907e-15
0.337669,0.161307,2.24621e-10,2.7907e-15
0.337669,0.161307,2.24621e-10,2.7907e-15
0.337669,0.161307,2.24621e-10,2.7907e-15
0.337669,0.161307,2.24621e-10,2.7907e-15
0.337669,0.161307,2.24621e-10,2.7907e-15
0.337669,0.161307,2.24621e-10,2.7907e-15
0.337669,0.161307,2.24621e-10,2.7907e-15
0.337669,0.161307,2.24621e-10,2.7907e-15
0.337669,0.161307,2.24621e-10,2.7907e-15
0.337669,0.161307,2.24621e-10,2.7907e-15
0.337669,0.161307,2.24621e-10,2.7907e-15
0.337669,0.161307,2.24621e-10,2.7907e-15
0.337669,0.161307,2.24621e-10,2.7907e-15
0.337669,0.161307,2.24621e-10,2.7907e-15
0.337669,0.161307,2.24621e-10,2.7907e-15
0.337669,0.161307,2.24621e-10,2.7907e-15
0.337669,0.161307,2.24621e-10,2.7907e-15
0.337669,0.161307,2.24621e-10,2.7907e-15
0.337669,0.161307,2.24621e-10,2.7907e-15
0.337669,0.161307,2.24621e-10,2.7907e-15
0.337669,0.161307,2.24621e-10,2.7907e-15
0.337669,0.161307,2.24621e-10,2.7907e-15
0.337669,0.161307,2.24621e-10,2.7907e-15
0.337669,0.161307,2.24621e-10,2.7907e-15
0.337669,0.161307,2.24621e-10,2.7907e-15
0.337669,0.161307,2.24621e-10,2.7907e-15
0.337669,0.161307,2.24621e-10,2.7907e-15
0.337669,0.161307,2.24621e-10,2.7907e-15
0.337669,0.161307,2.24621e-10,2.7907e-15
0.337669,0.161307,2.24621e-10,2.7907e-15
0.337669,0.161307,2.24621e-10,2.7907e-15
0.337669,0.161307,2.24621e-10,2.7907e-15
0.337669,0.161307,2.24621e-10,2.7907e-15
0.337669,0.161307,2.24621e-10,2.7907e-15
0.337669,0.161307,2.24621e-10,2.7907e-15
0.337669,0.161307,2.24621e-10,2.7907e-15
0.337669,0.161307,2.24621e-10,2.7907e-15
0.337669,0.161307,2.24621e-10,2.7907e-15
0.337669,0.161307,2.24621e-10,2.7907e-15
0.337669,0.161307,2.24621e-10,2.7907e-15
0.337669,0.161307,2.24621e-10,2.7907e-15
0.337669,0.161307,2.24621e-10,2.7907e-15
0.337669,0.161307,2.24621e-10,2.7907e-15
0.337669,0.161307,2.24621e-10,2.7907e-15
0.337669,0.161307,2.24621e-10,2.7907e-15
0.337669,0.161307,2.24621e-10,2.7907e-15
0.337669,0.161307,2.24621e-10,2.7907e-15
0.337669,0.161307,2.24621e-10,2.7907e-15
0.337669,0.161307,2.24621e-10,2.7907e-15
0.337669,0.161307,2.24621e-10,2.7907e-15
0.337669,0.161307,2.24621e-10,2.7907e-15
0.337669,0.161307,2.24621e-10,2.7907e-15
0.337669,0.161307,2.24621e-10,2.7907e-15
0.337669,0.161307,2.24621e-10,2.7907e-15
0.337669,0.161307,2.24621e-10,2.7907e-15
0.337669,0.161307,2.24621e-10,2.7907e-15
0.337669,0.161307,2.24621e-10,2.7907e-15
0.337669,0.161307,2.24621e-10,2.7907e-15
0.337669,0.161307,2.24621e-10,2.7907e-15
0.337669,0.161307,2.24621e-10,2.7907e-15
0.337669,0.161307,2.24621e-10,2.7907e-15
0.337669,0.161307,2.24621e-10,2.7907e-15
0.337669,0.161307,2.24621e-10,2.7907e-15
0.337669,0.161307,2.24621e-10,2.7907e-15
0.337669,0.161307,2.24621e-10,2.7907e-15
0.337669,0.161307,2.24621e-10,2.7907e-15
0.337669,0.161307,2.24621e-10,2.7907e-15
0.337669,0.161307,2.24621e-10,2.7907e-15
0.337669,0.161307,2.24621e-10,2.7907e-15
0.337669,0.161307,2.24621e-10,2.7907e-15
0.337669,0.161307,2.24621e-10,2.7907e-15
0.337669,0.161307,2.24621e-10,2.7907e-15
0.337669,0.161307,2.24621e-10,2.7907e-15
0.337669,0.161307,2.24621e-10,2.7907e-15
0.337669,0.161307,2.24621e-10,2.7907e-15
0.337669,0.161307,2.24621e-10,2.7907e-15
0.337669,0.161307,2.24621e-10,2.7907e-15
0.337669,0.161307,2.24621e-10,2.7907e-15
0.337669,0.161307,2.24621e-10,2.7907e-15
0.337669,0.161307,2.24621e-10,2.7907e-15
0.337669,0.161307,2.24621e-10,2.7907e-15
0.337669,0.161307,2.24621e-10,2.7907e-15
